Determining if the pthread_create exist failed with the following output:
Change Dir: /home/tim/School/ph387/tunnel_test/cmake-build-debug/CMakeFiles/CMakeTmp

Run Build Command(s):/usr/bin/make cmTC_52ee9/fast 
/usr/bin/make -f CMakeFiles/cmTC_52ee9.dir/build.make CMakeFiles/cmTC_52ee9.dir/build
make[1]: Entering directory '/home/tim/School/ph387/tunnel_test/cmake-build-debug/CMakeFiles/CMakeTmp'
Building C object CMakeFiles/cmTC_52ee9.dir/CheckSymbolExists.c.o
/usr/lib64/ccache/cc    -o CMakeFiles/cmTC_52ee9.dir/CheckSymbolExists.c.o   -c /home/tim/School/ph387/tunnel_test/cmake-build-debug/CMakeFiles/CMakeTmp/CheckSymbolExists.c
Linking C executable cmTC_52ee9
/usr/bin/cmake -E cmake_link_script CMakeFiles/cmTC_52ee9.dir/link.txt --verbose=1
/usr/lib64/ccache/cc      CMakeFiles/cmTC_52ee9.dir/CheckSymbolExists.c.o  -o cmTC_52ee9 
/usr/bin/ld: CMakeFiles/cmTC_52ee9.dir/CheckSymbolExists.c.o: in function `main':
CheckSymbolExists.c:(.text+0x16): undefined reference to `pthread_create'
collect2: error: ld returned 1 exit status
make[1]: *** [CMakeFiles/cmTC_52ee9.dir/build.make:87: cmTC_52ee9] Error 1
make[1]: Leaving directory '/home/tim/School/ph387/tunnel_test/cmake-build-debug/CMakeFiles/CMakeTmp'
make: *** [Makefile:121: cmTC_52ee9/fast] Error 2

File /home/tim/School/ph387/tunnel_test/cmake-build-debug/CMakeFiles/CMakeTmp/CheckSymbolExists.c:
/* */
#include <pthread.h>

int main(int argc, char** argv)
{
  (void)argv;
#ifndef pthread_create
  return ((int*)(&pthread_create))[argc];
#else
  (void)argc;
  return 0;
#endif
}

