Determining if the pthread_create exist failed with the following output:
Change Dir: /home/tim/Projects/ztnet/cmake-build-debug/CMakeFiles/CMakeTmp

Run Build Command(s):/usr/bin/make cmTC_3b591/fast 
/usr/bin/make -f CMakeFiles/cmTC_3b591.dir/build.make CMakeFiles/cmTC_3b591.dir/build
make[1]: Entering directory '/home/tim/Projects/ztnet/cmake-build-debug/CMakeFiles/CMakeTmp'
Building CXX object CMakeFiles/cmTC_3b591.dir/CheckSymbolExists.cxx.o
/usr/lib64/ccache/c++    -std=gnu++14 -o CMakeFiles/cmTC_3b591.dir/CheckSymbolExists.cxx.o -c /home/tim/Projects/ztnet/cmake-build-debug/CMakeFiles/CMakeTmp/CheckSymbolExists.cxx
Linking CXX executable cmTC_3b591
/usr/bin/cmake -E cmake_link_script CMakeFiles/cmTC_3b591.dir/link.txt --verbose=1
/usr/lib64/ccache/c++       CMakeFiles/cmTC_3b591.dir/CheckSymbolExists.cxx.o  -o cmTC_3b591 
/usr/bin/ld: CMakeFiles/cmTC_3b591.dir/CheckSymbolExists.cxx.o: in function `main':
CheckSymbolExists.cxx:(.text+0x16): undefined reference to `pthread_create'
collect2: error: ld returned 1 exit status
make[1]: *** [CMakeFiles/cmTC_3b591.dir/build.make:87: cmTC_3b591] Error 1
make[1]: Leaving directory '/home/tim/Projects/ztnet/cmake-build-debug/CMakeFiles/CMakeTmp'
make: *** [Makefile:121: cmTC_3b591/fast] Error 2

File /home/tim/Projects/ztnet/cmake-build-debug/CMakeFiles/CMakeTmp/CheckSymbolExists.cxx:
/* */
#include <pthread.h>

int main(int argc, char** argv)
{
  (void)argv;
#ifndef pthread_create
  return ((int*)(&pthread_create))[argc];
#else
  (void)argc;
  return 0;
#endif
}

